2020.10.26 17:45:11 INFO  started: Metals version 0.9.4 in workspace 'C:\xampp\htdocs\IMS_system' for client vscode.
2020.10.26 17:45:14 INFO  time: initialize in 2.47s
2020.10.26 17:45:16 WARN  no build tool detected in workspace 'C:\xampp\htdocs\IMS_system'. The most common cause for this problem is that the editor was opened in the wrong working directory, for example if you use sbt then the workspace directory should contain build.sbt. 
2020.10.27 08:56:15 INFO  started: Metals version 0.9.4 in workspace 'C:\xampp\htdocs\IMS_system' for client vscode.
2020.10.27 08:56:17 INFO  time: initialize in 1.92s
2020.10.27 08:56:23 WARN  no build tool detected in workspace 'C:\xampp\htdocs\IMS_system'. The most common cause for this problem is that the editor was opened in the wrong working directory, for example if you use sbt then the workspace directory should contain build.sbt. 
2020.10.27 09:01:45 INFO  shutting down Metals
2020.10.29 16:53:23 INFO  started: Metals version 0.9.4 in workspace 'C:\xampp\htdocs\IMS_system' for client vscode.
2020.10.29 16:53:25 INFO  time: initialize in 1.84s
2020.10.29 16:53:28 WARN  no build tool detected in workspace 'C:\xampp\htdocs\IMS_system'. The most common cause for this problem is that the editor was opened in the wrong working directory, for example if you use sbt then the workspace directory should contain build.sbt. 
2020.10.30 14:25:20 INFO  shutting down Metals
2020.10.30 14:29:34 INFO  started: Metals version 0.9.4 in workspace 'C:\xampp\htdocs\IMS_system' for client vscode.
2020.10.30 14:29:36 INFO  time: initialize in 2.61s
2020.10.30 14:29:42 WARN  no build tool detected in workspace 'C:\xampp\htdocs\IMS_system'. The most common cause for this problem is that the editor was opened in the wrong working directory, for example if you use sbt then the workspace directory should contain build.sbt. 
2020.10.30 22:44:46 INFO  started: Metals version 0.9.4 in workspace 'C:\xampp\htdocs\IMS_system' for client vscode.
2020.10.30 22:44:48 INFO  time: initialize in 2.24s
2020.10.30 22:44:55 WARN  no build tool detected in workspace 'C:\xampp\htdocs\IMS_system'. The most common cause for this problem is that the editor was opened in the wrong working directory, for example if you use sbt then the workspace directory should contain build.sbt. 
2020.10.30 22:57:15 INFO  shutting down Metals
2020.10.31 08:49:37 INFO  started: Metals version 0.9.4 in workspace 'C:\xampp\htdocs\IMS_system' for client vscode.
2020.10.31 08:49:39 INFO  time: initialize in 2.32s
2020.10.31 08:49:41 WARN  no build tool detected in workspace 'C:\xampp\htdocs\IMS_system'. The most common cause for this problem is that the editor was opened in the wrong working directory, for example if you use sbt then the workspace directory should contain build.sbt. 
2020.10.31 10:16:45 INFO  started: Metals version 0.9.4 in workspace 'C:\xampp\htdocs\IMS_system' for client vscode.
2020.10.31 10:16:47 INFO  time: initialize in 1.94s
2020.10.31 10:16:53 WARN  no build tool detected in workspace 'C:\xampp\htdocs\IMS_system'. The most common cause for this problem is that the editor was opened in the wrong working directory, for example if you use sbt then the workspace directory should contain build.sbt. 
2020.10.31 10:18:46 INFO  shutting down Metals
2020.10.31 17:19:24 INFO  started: Metals version 0.9.4 in workspace 'C:\xampp\htdocs\IMS_system' for client vscode.
2020.10.31 17:19:27 INFO  time: initialize in 3.19s
2020.10.31 17:19:29 WARN  no build tool detected in workspace 'C:\xampp\htdocs\IMS_system'. The most common cause for this problem is that the editor was opened in the wrong working directory, for example if you use sbt then the workspace directory should contain build.sbt. 
2020.10.31 18:54:42 INFO  shutting down Metals
2020.10.31 21:15:36 INFO  started: Metals version 0.9.4 in workspace 'C:\xampp\htdocs\IMS_system' for client vscode.
2020.10.31 21:15:38 INFO  time: initialize in 1.87s
2020.10.31 21:15:41 WARN  no build tool detected in workspace 'C:\xampp\htdocs\IMS_system'. The most common cause for this problem is that the editor was opened in the wrong working directory, for example if you use sbt then the workspace directory should contain build.sbt. 
2020.10.31 22:22:30 INFO  shutting down Metals
2020.11.01 21:10:20 INFO  started: Metals version 0.9.4 in workspace 'C:\xampp\htdocs\IMS_system' for client vscode.
2020.11.01 21:10:22 INFO  time: initialize in 2.01s
2020.11.01 21:10:24 WARN  no build tool detected in workspace 'C:\xampp\htdocs\IMS_system'. The most common cause for this problem is that the editor was opened in the wrong working directory, for example if you use sbt then the workspace directory should contain build.sbt. 
2020.11.02 00:23:28 INFO  shutting down Metals
2020.11.05 11:49:18 INFO  started: Metals version 0.9.4 in workspace 'C:\xampp\htdocs\IMS_system' for client vscode.
2020.11.05 11:49:22 INFO  time: initialize in 3.89s
2020.11.05 11:49:24 WARN  no build tool detected in workspace 'C:\xampp\htdocs\IMS_system'. The most common cause for this problem is that the editor was opened in the wrong working directory, for example if you use sbt then the workspace directory should contain build.sbt. 
2020.11.06 10:20:23 INFO  started: Metals version 0.9.4 in workspace 'C:\xampp\htdocs\IMS_system' for client vscode.
2020.11.06 10:20:26 INFO  time: initialize in 2.38s
2020.11.06 10:20:32 WARN  no build tool detected in workspace 'C:\xampp\htdocs\IMS_system'. The most common cause for this problem is that the editor was opened in the wrong working directory, for example if you use sbt then the workspace directory should contain build.sbt. 
2020.11.06 12:14:31 INFO  shutting down Metals
2020.11.06 12:15:37 INFO  started: Metals version 0.9.4 in workspace 'C:\xampp\htdocs\IMS_system' for client vscode.
2020.11.06 12:15:38 INFO  time: initialize in 1.35s
2020.11.06 12:15:40 WARN  no build tool detected in workspace 'C:\xampp\htdocs\IMS_system'. The most common cause for this problem is that the editor was opened in the wrong working directory, for example if you use sbt then the workspace directory should contain build.sbt. 
2020.11.10 11:11:16 INFO  started: Metals version 0.9.4 in workspace 'C:\xampp\htdocs\IMS_system' for client vscode.
2020.11.10 11:11:17 INFO  time: initialize in 1.43s
2020.11.10 11:11:22 WARN  no build tool detected in workspace 'C:\xampp\htdocs\IMS_system'. The most common cause for this problem is that the editor was opened in the wrong working directory, for example if you use sbt then the workspace directory should contain build.sbt. 
Nov 11, 2020 8:12:06 AM org.eclipse.lsp4j.jsonrpc.services.GenericEndpoint notify
INFO: Unsupported notification method: $/setTraceNotification
Nov 11, 2020 8:12:21 AM org.eclipse.lsp4j.jsonrpc.services.GenericEndpoint notify
INFO: Unsupported notification method: $/setTraceNotification
Nov 11, 2020 8:12:29 AM org.eclipse.lsp4j.jsonrpc.services.GenericEndpoint notify
INFO: Unsupported notification method: $/setTraceNotification
Nov 11, 2020 8:12:37 AM org.eclipse.lsp4j.jsonrpc.services.GenericEndpoint notify
INFO: Unsupported notification method: $/setTraceNotification
Nov 11, 2020 8:12:45 AM org.eclipse.lsp4j.jsonrpc.services.GenericEndpoint notify
INFO: Unsupported notification method: $/setTraceNotification
Nov 11, 2020 8:13:39 AM org.eclipse.lsp4j.jsonrpc.services.GenericEndpoint notify
INFO: Unsupported notification method: $/setTraceNotification
